{"numFailedTestSuites":1,"numFailedTests":11,"numPassedTestSuites":0,"numPassedTests":0,"numPendingTestSuites":0,"numPendingTests":0,"numRuntimeErrorTestSuites":0,"numTodoTests":0,"numTotalTestSuites":1,"numTotalTests":11,"openHandles":[],"snapshot":{"added":0,"didUpdate":false,"failure":false,"filesAdded":0,"filesRemoved":0,"filesRemovedList":[],"filesUnmatched":0,"filesUpdated":0,"matched":0,"total":0,"unchecked":0,"uncheckedKeysByFile":[],"unmatched":0,"updated":0},"startTime":1728889436743,"success":false,"testResults":[{"assertionResults":[{"ancestorTitles":["To-do List App"],"duration":1,"failureDetails":[{}],"failureMessages":["ReferenceError: addTodo is not defined\n    at Object.eval (eval at executeCommand (/Users/bhuvan/beta-testing/sample-javascript-project/__tests__/todo.test.js:26:7), <anonymous>:3:1)\n    at Object.call [as executeCommand] (/Users/bhuvan/beta-testing/sample-javascript-project/__tests__/todo.test.js:26:36)\n    at Object.executeCommand (/Users/bhuvan/beta-testing/sample-javascript-project/__tests__/todo.test.js:41:13)\n    at Promise.then.completed (/opt/homebrew/lib/node_modules/jest/node_modules/jest-circus/build/utils.js:298:28)\n    at new Promise (<anonymous>)\n    at callAsyncCircusFn (/opt/homebrew/lib/node_modules/jest/node_modules/jest-circus/build/utils.js:231:10)\n    at _callCircusTest (/opt/homebrew/lib/node_modules/jest/node_modules/jest-circus/build/run.js:316:40)\n    at _runTest (/opt/homebrew/lib/node_modules/jest/node_modules/jest-circus/build/run.js:252:3)\n    at _runTestsForDescribeBlock (/opt/homebrew/lib/node_modules/jest/node_modules/jest-circus/build/run.js:126:9)\n    at _runTestsForDescribeBlock (/opt/homebrew/lib/node_modules/jest/node_modules/jest-circus/build/run.js:121:9)\n    at run (/opt/homebrew/lib/node_modules/jest/node_modules/jest-circus/build/run.js:71:3)\n    at runAndTransformResultsToJestFormat (/opt/homebrew/lib/node_modules/jest/node_modules/jest-circus/build/legacy-code-todo-rewrite/jestAdapterInit.js:122:21)\n    at jestAdapter (/opt/homebrew/lib/node_modules/jest/node_modules/jest-circus/build/legacy-code-todo-rewrite/jestAdapter.js:79:19)\n    at runTestInternal (/opt/homebrew/lib/node_modules/jest/node_modules/jest-runner/build/runTest.js:367:16)\n    at runTest (/opt/homebrew/lib/node_modules/jest/node_modules/jest-runner/build/runTest.js:444:34)"],"fullName":"To-do List App addTodo should add a new todo to the list","invocations":1,"location":null,"numPassingAsserts":0,"retryReasons":[],"status":"failed","title":"addTodo should add a new todo to the list"},{"ancestorTitles":["To-do List App"],"duration":1,"failureDetails":[{}],"failureMessages":["ReferenceError: addTodo is not defined\n    at Object.eval (eval at executeCommand (/Users/bhuvan/beta-testing/sample-javascript-project/__tests__/todo.test.js:26:7), <anonymous>:3:1)\n    at Object.call [as executeCommand] (/Users/bhuvan/beta-testing/sample-javascript-project/__tests__/todo.test.js:26:36)\n    at Object.executeCommand (/Users/bhuvan/beta-testing/sample-javascript-project/__tests__/todo.test.js:46:13)\n    at Promise.then.completed (/opt/homebrew/lib/node_modules/jest/node_modules/jest-circus/build/utils.js:298:28)\n    at new Promise (<anonymous>)\n    at callAsyncCircusFn (/opt/homebrew/lib/node_modules/jest/node_modules/jest-circus/build/utils.js:231:10)\n    at _callCircusTest (/opt/homebrew/lib/node_modules/jest/node_modules/jest-circus/build/run.js:316:40)\n    at _runTest (/opt/homebrew/lib/node_modules/jest/node_modules/jest-circus/build/run.js:252:3)\n    at _runTestsForDescribeBlock (/opt/homebrew/lib/node_modules/jest/node_modules/jest-circus/build/run.js:126:9)\n    at _runTestsForDescribeBlock (/opt/homebrew/lib/node_modules/jest/node_modules/jest-circus/build/run.js:121:9)\n    at run (/opt/homebrew/lib/node_modules/jest/node_modules/jest-circus/build/run.js:71:3)\n    at runAndTransformResultsToJestFormat (/opt/homebrew/lib/node_modules/jest/node_modules/jest-circus/build/legacy-code-todo-rewrite/jestAdapterInit.js:122:21)\n    at jestAdapter (/opt/homebrew/lib/node_modules/jest/node_modules/jest-circus/build/legacy-code-todo-rewrite/jestAdapter.js:79:19)\n    at runTestInternal (/opt/homebrew/lib/node_modules/jest/node_modules/jest-runner/build/runTest.js:367:16)\n    at runTest (/opt/homebrew/lib/node_modules/jest/node_modules/jest-runner/build/runTest.js:444:34)"],"fullName":"To-do List App addTodo should not add an empty todo","invocations":1,"location":null,"numPassingAsserts":0,"retryReasons":[],"status":"failed","title":"addTodo should not add an empty todo"},{"ancestorTitles":["To-do List App"],"duration":0,"failureDetails":[{}],"failureMessages":["ReferenceError: addTodo is not defined\n    at Object.eval (eval at executeCommand (/Users/bhuvan/beta-testing/sample-javascript-project/__tests__/todo.test.js:26:7), <anonymous>:3:1)\n    at Object.call [as executeCommand] (/Users/bhuvan/beta-testing/sample-javascript-project/__tests__/todo.test.js:26:36)\n    at Object.executeCommand (/Users/bhuvan/beta-testing/sample-javascript-project/__tests__/todo.test.js:51:13)\n    at Promise.then.completed (/opt/homebrew/lib/node_modules/jest/node_modules/jest-circus/build/utils.js:298:28)\n    at new Promise (<anonymous>)\n    at callAsyncCircusFn (/opt/homebrew/lib/node_modules/jest/node_modules/jest-circus/build/utils.js:231:10)\n    at _callCircusTest (/opt/homebrew/lib/node_modules/jest/node_modules/jest-circus/build/run.js:316:40)\n    at _runTest (/opt/homebrew/lib/node_modules/jest/node_modules/jest-circus/build/run.js:252:3)\n    at _runTestsForDescribeBlock (/opt/homebrew/lib/node_modules/jest/node_modules/jest-circus/build/run.js:126:9)\n    at _runTestsForDescribeBlock (/opt/homebrew/lib/node_modules/jest/node_modules/jest-circus/build/run.js:121:9)\n    at run (/opt/homebrew/lib/node_modules/jest/node_modules/jest-circus/build/run.js:71:3)\n    at runAndTransformResultsToJestFormat (/opt/homebrew/lib/node_modules/jest/node_modules/jest-circus/build/legacy-code-todo-rewrite/jestAdapterInit.js:122:21)\n    at jestAdapter (/opt/homebrew/lib/node_modules/jest/node_modules/jest-circus/build/legacy-code-todo-rewrite/jestAdapter.js:79:19)\n    at runTestInternal (/opt/homebrew/lib/node_modules/jest/node_modules/jest-runner/build/runTest.js:367:16)\n    at runTest (/opt/homebrew/lib/node_modules/jest/node_modules/jest-runner/build/runTest.js:444:34)"],"fullName":"To-do List App completeTodo should mark a todo as completed","invocations":1,"location":null,"numPassingAsserts":0,"retryReasons":[],"status":"failed","title":"completeTodo should mark a todo as completed"},{"ancestorTitles":["To-do List App"],"duration":0,"failureDetails":[{}],"failureMessages":["ReferenceError: completeTodo is not defined\n    at Object.eval (eval at executeCommand (/Users/bhuvan/beta-testing/sample-javascript-project/__tests__/todo.test.js:26:7), <anonymous>:3:1)\n    at Object.call [as executeCommand] (/Users/bhuvan/beta-testing/sample-javascript-project/__tests__/todo.test.js:26:36)\n    at Object.executeCommand (/Users/bhuvan/beta-testing/sample-javascript-project/__tests__/todo.test.js:57:13)\n    at Promise.then.completed (/opt/homebrew/lib/node_modules/jest/node_modules/jest-circus/build/utils.js:298:28)\n    at new Promise (<anonymous>)\n    at callAsyncCircusFn (/opt/homebrew/lib/node_modules/jest/node_modules/jest-circus/build/utils.js:231:10)\n    at _callCircusTest (/opt/homebrew/lib/node_modules/jest/node_modules/jest-circus/build/run.js:316:40)\n    at _runTest (/opt/homebrew/lib/node_modules/jest/node_modules/jest-circus/build/run.js:252:3)\n    at _runTestsForDescribeBlock (/opt/homebrew/lib/node_modules/jest/node_modules/jest-circus/build/run.js:126:9)\n    at _runTestsForDescribeBlock (/opt/homebrew/lib/node_modules/jest/node_modules/jest-circus/build/run.js:121:9)\n    at run (/opt/homebrew/lib/node_modules/jest/node_modules/jest-circus/build/run.js:71:3)\n    at runAndTransformResultsToJestFormat (/opt/homebrew/lib/node_modules/jest/node_modules/jest-circus/build/legacy-code-todo-rewrite/jestAdapterInit.js:122:21)\n    at jestAdapter (/opt/homebrew/lib/node_modules/jest/node_modules/jest-circus/build/legacy-code-todo-rewrite/jestAdapter.js:79:19)\n    at runTestInternal (/opt/homebrew/lib/node_modules/jest/node_modules/jest-runner/build/runTest.js:367:16)\n    at runTest (/opt/homebrew/lib/node_modules/jest/node_modules/jest-runner/build/runTest.js:444:34)"],"fullName":"To-do List App completeTodo should handle invalid index","invocations":1,"location":null,"numPassingAsserts":0,"retryReasons":[],"status":"failed","title":"completeTodo should handle invalid index"},{"ancestorTitles":["To-do List App"],"duration":0,"failureDetails":[{}],"failureMessages":["ReferenceError: addTodo is not defined\n    at Object.eval (eval at executeCommand (/Users/bhuvan/beta-testing/sample-javascript-project/__tests__/todo.test.js:26:7), <anonymous>:3:1)\n    at Object.call [as executeCommand] (/Users/bhuvan/beta-testing/sample-javascript-project/__tests__/todo.test.js:26:36)\n    at Object.executeCommand (/Users/bhuvan/beta-testing/sample-javascript-project/__tests__/todo.test.js:62:13)\n    at Promise.then.completed (/opt/homebrew/lib/node_modules/jest/node_modules/jest-circus/build/utils.js:298:28)\n    at new Promise (<anonymous>)\n    at callAsyncCircusFn (/opt/homebrew/lib/node_modules/jest/node_modules/jest-circus/build/utils.js:231:10)\n    at _callCircusTest (/opt/homebrew/lib/node_modules/jest/node_modules/jest-circus/build/run.js:316:40)\n    at _runTest (/opt/homebrew/lib/node_modules/jest/node_modules/jest-circus/build/run.js:252:3)\n    at _runTestsForDescribeBlock (/opt/homebrew/lib/node_modules/jest/node_modules/jest-circus/build/run.js:126:9)\n    at _runTestsForDescribeBlock (/opt/homebrew/lib/node_modules/jest/node_modules/jest-circus/build/run.js:121:9)\n    at run (/opt/homebrew/lib/node_modules/jest/node_modules/jest-circus/build/run.js:71:3)\n    at runAndTransformResultsToJestFormat (/opt/homebrew/lib/node_modules/jest/node_modules/jest-circus/build/legacy-code-todo-rewrite/jestAdapterInit.js:122:21)\n    at jestAdapter (/opt/homebrew/lib/node_modules/jest/node_modules/jest-circus/build/legacy-code-todo-rewrite/jestAdapter.js:79:19)\n    at runTestInternal (/opt/homebrew/lib/node_modules/jest/node_modules/jest-runner/build/runTest.js:367:16)\n    at runTest (/opt/homebrew/lib/node_modules/jest/node_modules/jest-runner/build/runTest.js:444:34)"],"fullName":"To-do List App displayTodos should display the current todo list","invocations":1,"location":null,"numPassingAsserts":0,"retryReasons":[],"status":"failed","title":"displayTodos should display the current todo list"},{"ancestorTitles":["To-do List App"],"duration":0,"failureDetails":[{}],"failureMessages":["ReferenceError: addTodo is not defined\n    at Object.eval (eval at executeCommand (/Users/bhuvan/beta-testing/sample-javascript-project/__tests__/todo.test.js:26:7), <anonymous>:3:1)\n    at Object.call [as executeCommand] (/Users/bhuvan/beta-testing/sample-javascript-project/__tests__/todo.test.js:26:36)\n    at Object.executeCommand (/Users/bhuvan/beta-testing/sample-javascript-project/__tests__/todo.test.js:75:13)\n    at Promise.then.completed (/opt/homebrew/lib/node_modules/jest/node_modules/jest-circus/build/utils.js:298:28)\n    at new Promise (<anonymous>)\n    at callAsyncCircusFn (/opt/homebrew/lib/node_modules/jest/node_modules/jest-circus/build/utils.js:231:10)\n    at _callCircusTest (/opt/homebrew/lib/node_modules/jest/node_modules/jest-circus/build/run.js:316:40)\n    at _runTest (/opt/homebrew/lib/node_modules/jest/node_modules/jest-circus/build/run.js:252:3)\n    at _runTestsForDescribeBlock (/opt/homebrew/lib/node_modules/jest/node_modules/jest-circus/build/run.js:126:9)\n    at _runTestsForDescribeBlock (/opt/homebrew/lib/node_modules/jest/node_modules/jest-circus/build/run.js:121:9)\n    at run (/opt/homebrew/lib/node_modules/jest/node_modules/jest-circus/build/run.js:71:3)\n    at runAndTransformResultsToJestFormat (/opt/homebrew/lib/node_modules/jest/node_modules/jest-circus/build/legacy-code-todo-rewrite/jestAdapterInit.js:122:21)\n    at jestAdapter (/opt/homebrew/lib/node_modules/jest/node_modules/jest-circus/build/legacy-code-todo-rewrite/jestAdapter.js:79:19)\n    at runTestInternal (/opt/homebrew/lib/node_modules/jest/node_modules/jest-runner/build/runTest.js:367:16)\n    at runTest (/opt/homebrew/lib/node_modules/jest/node_modules/jest-runner/build/runTest.js:444:34)"],"fullName":"To-do List App removeTodo should remove a todo from the list","invocations":1,"location":null,"numPassingAsserts":0,"retryReasons":[],"status":"failed","title":"removeTodo should remove a todo from the list"},{"ancestorTitles":["To-do List App"],"duration":0,"failureDetails":[{}],"failureMessages":["ReferenceError: removeTodo is not defined\n    at Object.eval (eval at executeCommand (/Users/bhuvan/beta-testing/sample-javascript-project/__tests__/todo.test.js:26:7), <anonymous>:3:1)\n    at Object.call [as executeCommand] (/Users/bhuvan/beta-testing/sample-javascript-project/__tests__/todo.test.js:26:36)\n    at Object.executeCommand (/Users/bhuvan/beta-testing/sample-javascript-project/__tests__/todo.test.js:82:13)\n    at Promise.then.completed (/opt/homebrew/lib/node_modules/jest/node_modules/jest-circus/build/utils.js:298:28)\n    at new Promise (<anonymous>)\n    at callAsyncCircusFn (/opt/homebrew/lib/node_modules/jest/node_modules/jest-circus/build/utils.js:231:10)\n    at _callCircusTest (/opt/homebrew/lib/node_modules/jest/node_modules/jest-circus/build/run.js:316:40)\n    at _runTest (/opt/homebrew/lib/node_modules/jest/node_modules/jest-circus/build/run.js:252:3)\n    at _runTestsForDescribeBlock (/opt/homebrew/lib/node_modules/jest/node_modules/jest-circus/build/run.js:126:9)\n    at _runTestsForDescribeBlock (/opt/homebrew/lib/node_modules/jest/node_modules/jest-circus/build/run.js:121:9)\n    at run (/opt/homebrew/lib/node_modules/jest/node_modules/jest-circus/build/run.js:71:3)\n    at runAndTransformResultsToJestFormat (/opt/homebrew/lib/node_modules/jest/node_modules/jest-circus/build/legacy-code-todo-rewrite/jestAdapterInit.js:122:21)\n    at jestAdapter (/opt/homebrew/lib/node_modules/jest/node_modules/jest-circus/build/legacy-code-todo-rewrite/jestAdapter.js:79:19)\n    at runTestInternal (/opt/homebrew/lib/node_modules/jest/node_modules/jest-runner/build/runTest.js:367:16)\n    at runTest (/opt/homebrew/lib/node_modules/jest/node_modules/jest-runner/build/runTest.js:444:34)"],"fullName":"To-do List App removeTodo should handle invalid index","invocations":1,"location":null,"numPassingAsserts":0,"retryReasons":[],"status":"failed","title":"removeTodo should handle invalid index"},{"ancestorTitles":["To-do List App"],"duration":1,"failureDetails":[{}],"failureMessages":["ReferenceError: addTodo is not defined\n    at Object.eval (eval at executeCommand (/Users/bhuvan/beta-testing/sample-javascript-project/__tests__/todo.test.js:26:7), <anonymous>:3:1)\n    at Object.call [as executeCommand] (/Users/bhuvan/beta-testing/sample-javascript-project/__tests__/todo.test.js:26:36)\n    at Object.executeCommand (/Users/bhuvan/beta-testing/sample-javascript-project/__tests__/todo.test.js:87:13)\n    at Promise.then.completed (/opt/homebrew/lib/node_modules/jest/node_modules/jest-circus/build/utils.js:298:28)\n    at new Promise (<anonymous>)\n    at callAsyncCircusFn (/opt/homebrew/lib/node_modules/jest/node_modules/jest-circus/build/utils.js:231:10)\n    at _callCircusTest (/opt/homebrew/lib/node_modules/jest/node_modules/jest-circus/build/run.js:316:40)\n    at _runTest (/opt/homebrew/lib/node_modules/jest/node_modules/jest-circus/build/run.js:252:3)\n    at _runTestsForDescribeBlock (/opt/homebrew/lib/node_modules/jest/node_modules/jest-circus/build/run.js:126:9)\n    at _runTestsForDescribeBlock (/opt/homebrew/lib/node_modules/jest/node_modules/jest-circus/build/run.js:121:9)\n    at run (/opt/homebrew/lib/node_modules/jest/node_modules/jest-circus/build/run.js:71:3)\n    at runAndTransformResultsToJestFormat (/opt/homebrew/lib/node_modules/jest/node_modules/jest-circus/build/legacy-code-todo-rewrite/jestAdapterInit.js:122:21)\n    at jestAdapter (/opt/homebrew/lib/node_modules/jest/node_modules/jest-circus/build/legacy-code-todo-rewrite/jestAdapter.js:79:19)\n    at runTestInternal (/opt/homebrew/lib/node_modules/jest/node_modules/jest-runner/build/runTest.js:367:16)\n    at runTest (/opt/homebrew/lib/node_modules/jest/node_modules/jest-runner/build/runTest.js:444:34)"],"fullName":"To-do List App integration test: adding, completing, and removing todos","invocations":1,"location":null,"numPassingAsserts":0,"retryReasons":[],"status":"failed","title":"integration test: adding, completing, and removing todos"},{"ancestorTitles":["To-do List App"],"duration":0,"failureDetails":[{}],"failureMessages":["ReferenceError: addTodo is not defined\n    at Object.eval (eval at executeCommand (/Users/bhuvan/beta-testing/sample-javascript-project/__tests__/todo.test.js:26:7), <anonymous>:3:1)\n    at Object.call [as executeCommand] (/Users/bhuvan/beta-testing/sample-javascript-project/__tests__/todo.test.js:26:36)\n    at Object.executeCommand (/Users/bhuvan/beta-testing/sample-javascript-project/__tests__/todo.test.js:101:13)\n    at Promise.then.completed (/opt/homebrew/lib/node_modules/jest/node_modules/jest-circus/build/utils.js:298:28)\n    at new Promise (<anonymous>)\n    at callAsyncCircusFn (/opt/homebrew/lib/node_modules/jest/node_modules/jest-circus/build/utils.js:231:10)\n    at _callCircusTest (/opt/homebrew/lib/node_modules/jest/node_modules/jest-circus/build/run.js:316:40)\n    at _runTest (/opt/homebrew/lib/node_modules/jest/node_modules/jest-circus/build/run.js:252:3)\n    at _runTestsForDescribeBlock (/opt/homebrew/lib/node_modules/jest/node_modules/jest-circus/build/run.js:126:9)\n    at _runTestsForDescribeBlock (/opt/homebrew/lib/node_modules/jest/node_modules/jest-circus/build/run.js:121:9)\n    at run (/opt/homebrew/lib/node_modules/jest/node_modules/jest-circus/build/run.js:71:3)\n    at runAndTransformResultsToJestFormat (/opt/homebrew/lib/node_modules/jest/node_modules/jest-circus/build/legacy-code-todo-rewrite/jestAdapterInit.js:122:21)\n    at jestAdapter (/opt/homebrew/lib/node_modules/jest/node_modules/jest-circus/build/legacy-code-todo-rewrite/jestAdapter.js:79:19)\n    at runTestInternal (/opt/homebrew/lib/node_modules/jest/node_modules/jest-runner/build/runTest.js:367:16)\n    at runTest (/opt/homebrew/lib/node_modules/jest/node_modules/jest-runner/build/runTest.js:444:34)"],"fullName":"To-do List App addTodo should trim whitespace","invocations":1,"location":null,"numPassingAsserts":0,"retryReasons":[],"status":"failed","title":"addTodo should trim whitespace"},{"ancestorTitles":["To-do List App"],"duration":0,"failureDetails":[{}],"failureMessages":["ReferenceError: addTodo is not defined\n    at Object.eval (eval at executeCommand (/Users/bhuvan/beta-testing/sample-javascript-project/__tests__/todo.test.js:26:7), <anonymous>:3:1)\n    at Object.call [as executeCommand] (/Users/bhuvan/beta-testing/sample-javascript-project/__tests__/todo.test.js:26:36)\n    at Object.executeCommand (/Users/bhuvan/beta-testing/sample-javascript-project/__tests__/todo.test.js:106:13)\n    at Promise.then.completed (/opt/homebrew/lib/node_modules/jest/node_modules/jest-circus/build/utils.js:298:28)\n    at new Promise (<anonymous>)\n    at callAsyncCircusFn (/opt/homebrew/lib/node_modules/jest/node_modules/jest-circus/build/utils.js:231:10)\n    at _callCircusTest (/opt/homebrew/lib/node_modules/jest/node_modules/jest-circus/build/run.js:316:40)\n    at _runTest (/opt/homebrew/lib/node_modules/jest/node_modules/jest-circus/build/run.js:252:3)\n    at _runTestsForDescribeBlock (/opt/homebrew/lib/node_modules/jest/node_modules/jest-circus/build/run.js:126:9)\n    at _runTestsForDescribeBlock (/opt/homebrew/lib/node_modules/jest/node_modules/jest-circus/build/run.js:121:9)\n    at run (/opt/homebrew/lib/node_modules/jest/node_modules/jest-circus/build/run.js:71:3)\n    at runAndTransformResultsToJestFormat (/opt/homebrew/lib/node_modules/jest/node_modules/jest-circus/build/legacy-code-todo-rewrite/jestAdapterInit.js:122:21)\n    at jestAdapter (/opt/homebrew/lib/node_modules/jest/node_modules/jest-circus/build/legacy-code-todo-rewrite/jestAdapter.js:79:19)\n    at runTestInternal (/opt/homebrew/lib/node_modules/jest/node_modules/jest-runner/build/runTest.js:367:16)\n    at runTest (/opt/homebrew/lib/node_modules/jest/node_modules/jest-runner/build/runTest.js:444:34)"],"fullName":"To-do List App completeTodo should not affect completed todos","invocations":1,"location":null,"numPassingAsserts":0,"retryReasons":[],"status":"failed","title":"completeTodo should not affect completed todos"},{"ancestorTitles":["To-do List App"],"duration":0,"failureDetails":[{}],"failureMessages":["ReferenceError: addTodo is not defined\n    at Object.eval (eval at executeCommand (/Users/bhuvan/beta-testing/sample-javascript-project/__tests__/todo.test.js:26:7), <anonymous>:3:1)\n    at Object.call [as executeCommand] (/Users/bhuvan/beta-testing/sample-javascript-project/__tests__/todo.test.js:26:36)\n    at Object.executeCommand (/Users/bhuvan/beta-testing/sample-javascript-project/__tests__/todo.test.js:116:13)\n    at Promise.then.completed (/opt/homebrew/lib/node_modules/jest/node_modules/jest-circus/build/utils.js:298:28)\n    at new Promise (<anonymous>)\n    at callAsyncCircusFn (/opt/homebrew/lib/node_modules/jest/node_modules/jest-circus/build/utils.js:231:10)\n    at _callCircusTest (/opt/homebrew/lib/node_modules/jest/node_modules/jest-circus/build/run.js:316:40)\n    at _runTest (/opt/homebrew/lib/node_modules/jest/node_modules/jest-circus/build/run.js:252:3)\n    at _runTestsForDescribeBlock (/opt/homebrew/lib/node_modules/jest/node_modules/jest-circus/build/run.js:126:9)\n    at _runTestsForDescribeBlock (/opt/homebrew/lib/node_modules/jest/node_modules/jest-circus/build/run.js:121:9)\n    at run (/opt/homebrew/lib/node_modules/jest/node_modules/jest-circus/build/run.js:71:3)\n    at runAndTransformResultsToJestFormat (/opt/homebrew/lib/node_modules/jest/node_modules/jest-circus/build/legacy-code-todo-rewrite/jestAdapterInit.js:122:21)\n    at jestAdapter (/opt/homebrew/lib/node_modules/jest/node_modules/jest-circus/build/legacy-code-todo-rewrite/jestAdapter.js:79:19)\n    at runTestInternal (/opt/homebrew/lib/node_modules/jest/node_modules/jest-runner/build/runTest.js:367:16)\n    at runTest (/opt/homebrew/lib/node_modules/jest/node_modules/jest-runner/build/runTest.js:444:34)"],"fullName":"To-do List App removeTodo should handle removing the last todo","invocations":1,"location":null,"numPassingAsserts":0,"retryReasons":[],"status":"failed","title":"removeTodo should handle removing the last todo"}],"endTime":1728889436840,"message":"  ● To-do List App › addTodo should add a new todo to the list\n\n    ReferenceError: addTodo is not defined\n\n      at Object.eval (eval at executeCommand (__tests__/todo.test.js:26:7), <anonymous>:3:1)\n      at Object.call [as executeCommand] (__tests__/todo.test.js:26:36)\n      at Object.executeCommand (__tests__/todo.test.js:41:13)\n\n  ● To-do List App › addTodo should not add an empty todo\n\n    ReferenceError: addTodo is not defined\n\n      at Object.eval (eval at executeCommand (__tests__/todo.test.js:26:7), <anonymous>:3:1)\n      at Object.call [as executeCommand] (__tests__/todo.test.js:26:36)\n      at Object.executeCommand (__tests__/todo.test.js:46:13)\n\n  ● To-do List App › completeTodo should mark a todo as completed\n\n    ReferenceError: addTodo is not defined\n\n      at Object.eval (eval at executeCommand (__tests__/todo.test.js:26:7), <anonymous>:3:1)\n      at Object.call [as executeCommand] (__tests__/todo.test.js:26:36)\n      at Object.executeCommand (__tests__/todo.test.js:51:13)\n\n  ● To-do List App › completeTodo should handle invalid index\n\n    ReferenceError: completeTodo is not defined\n\n      at Object.eval (eval at executeCommand (__tests__/todo.test.js:26:7), <anonymous>:3:1)\n      at Object.call [as executeCommand] (__tests__/todo.test.js:26:36)\n      at Object.executeCommand (__tests__/todo.test.js:57:13)\n\n  ● To-do List App › displayTodos should display the current todo list\n\n    ReferenceError: addTodo is not defined\n\n      at Object.eval (eval at executeCommand (__tests__/todo.test.js:26:7), <anonymous>:3:1)\n      at Object.call [as executeCommand] (__tests__/todo.test.js:26:36)\n      at Object.executeCommand (__tests__/todo.test.js:62:13)\n\n  ● To-do List App › removeTodo should remove a todo from the list\n\n    ReferenceError: addTodo is not defined\n\n      at Object.eval (eval at executeCommand (__tests__/todo.test.js:26:7), <anonymous>:3:1)\n      at Object.call [as executeCommand] (__tests__/todo.test.js:26:36)\n      at Object.executeCommand (__tests__/todo.test.js:75:13)\n\n  ● To-do List App › removeTodo should handle invalid index\n\n    ReferenceError: removeTodo is not defined\n\n      at Object.eval (eval at executeCommand (__tests__/todo.test.js:26:7), <anonymous>:3:1)\n      at Object.call [as executeCommand] (__tests__/todo.test.js:26:36)\n      at Object.executeCommand (__tests__/todo.test.js:82:13)\n\n  ● To-do List App › integration test: adding, completing, and removing todos\n\n    ReferenceError: addTodo is not defined\n\n      at Object.eval (eval at executeCommand (__tests__/todo.test.js:26:7), <anonymous>:3:1)\n      at Object.call [as executeCommand] (__tests__/todo.test.js:26:36)\n      at Object.executeCommand (__tests__/todo.test.js:87:13)\n\n  ● To-do List App › addTodo should trim whitespace\n\n    ReferenceError: addTodo is not defined\n\n      at Object.eval (eval at executeCommand (__tests__/todo.test.js:26:7), <anonymous>:3:1)\n      at Object.call [as executeCommand] (__tests__/todo.test.js:26:36)\n      at Object.executeCommand (__tests__/todo.test.js:101:13)\n\n  ● To-do List App › completeTodo should not affect completed todos\n\n    ReferenceError: addTodo is not defined\n\n      at Object.eval (eval at executeCommand (__tests__/todo.test.js:26:7), <anonymous>:3:1)\n      at Object.call [as executeCommand] (__tests__/todo.test.js:26:36)\n      at Object.executeCommand (__tests__/todo.test.js:106:13)\n\n  ● To-do List App › removeTodo should handle removing the last todo\n\n    ReferenceError: addTodo is not defined\n\n      at Object.eval (eval at executeCommand (__tests__/todo.test.js:26:7), <anonymous>:3:1)\n      at Object.call [as executeCommand] (__tests__/todo.test.js:26:36)\n      at Object.executeCommand (__tests__/todo.test.js:116:13)\n","name":"/Users/bhuvan/beta-testing/sample-javascript-project/__tests__/todo.test.js","startTime":1728889436755,"status":"failed","summary":""}],"wasInterrupted":false,"coverageMap":{}}
