{"numFailedTestSuites":0,"numFailedTests":0,"numPassedTestSuites":1,"numPassedTests":10,"numPendingTestSuites":0,"numPendingTests":0,"numRuntimeErrorTestSuites":0,"numTodoTests":0,"numTotalTestSuites":1,"numTotalTests":10,"openHandles":[],"snapshot":{"added":0,"didUpdate":false,"failure":false,"filesAdded":0,"filesRemoved":0,"filesRemovedList":[],"filesUnmatched":0,"filesUpdated":0,"matched":0,"total":0,"unchecked":0,"uncheckedKeysByFile":[],"unmatched":0,"updated":0},"startTime":1728558523489,"success":true,"testResults":[{"assertionResults":[{"ancestorTitles":["reverseString function"],"duration":3,"failureDetails":[],"failureMessages":[],"fullName":"reverseString function reverses a simple string","invocations":1,"location":null,"numPassingAsserts":1,"retryReasons":[],"status":"passed","title":"reverses a simple string"},{"ancestorTitles":["reverseString function"],"duration":0,"failureDetails":[],"failureMessages":[],"fullName":"reverseString function reverses a string with spaces","invocations":1,"location":null,"numPassingAsserts":1,"retryReasons":[],"status":"passed","title":"reverses a string with spaces"},{"ancestorTitles":["reverseString function"],"duration":0,"failureDetails":[],"failureMessages":[],"fullName":"reverseString function returns an empty string when given an empty string","invocations":1,"location":null,"numPassingAsserts":1,"retryReasons":[],"status":"passed","title":"returns an empty string when given an empty string"},{"ancestorTitles":["reverseString function"],"duration":9,"failureDetails":[],"failureMessages":[],"fullName":"reverseString function throws TypeError when given a non-string input","invocations":1,"location":null,"numPassingAsserts":4,"retryReasons":[],"status":"passed","title":"throws TypeError when given a non-string input"},{"ancestorTitles":["toUpperCase function"],"duration":1,"failureDetails":[],"failureMessages":[],"fullName":"toUpperCase function converts a lowercase string to uppercase","invocations":1,"location":null,"numPassingAsserts":1,"retryReasons":[],"status":"passed","title":"converts a lowercase string to uppercase"},{"ancestorTitles":["toUpperCase function"],"duration":0,"failureDetails":[],"failureMessages":[],"fullName":"toUpperCase function leaves an already uppercase string unchanged","invocations":1,"location":null,"numPassingAsserts":1,"retryReasons":[],"status":"passed","title":"leaves an already uppercase string unchanged"},{"ancestorTitles":["toUpperCase function"],"duration":1,"failureDetails":[],"failureMessages":[],"fullName":"toUpperCase function converts a mixed case string to uppercase","invocations":1,"location":null,"numPassingAsserts":1,"retryReasons":[],"status":"passed","title":"converts a mixed case string to uppercase"},{"ancestorTitles":["toUpperCase function"],"duration":0,"failureDetails":[],"failureMessages":[],"fullName":"toUpperCase function handles string with non-alphabetic characters","invocations":1,"location":null,"numPassingAsserts":1,"retryReasons":[],"status":"passed","title":"handles string with non-alphabetic characters"},{"ancestorTitles":["toUpperCase function"],"duration":0,"failureDetails":[],"failureMessages":[],"fullName":"toUpperCase function returns an empty string when given an empty string","invocations":1,"location":null,"numPassingAsserts":1,"retryReasons":[],"status":"passed","title":"returns an empty string when given an empty string"},{"ancestorTitles":["toUpperCase function"],"duration":2,"failureDetails":[],"failureMessages":[],"fullName":"toUpperCase function throws TypeError when given a non-string input","invocations":1,"location":null,"numPassingAsserts":4,"retryReasons":[],"status":"passed","title":"throws TypeError when given a non-string input"}],"endTime":1728558523938,"message":"","name":"C:\\Users\\harsh\\Downloads\\GitHub\\js_test\\__tests__\\stringUtils.test.js","startTime":1728558523543,"status":"passed","summary":""}],"wasInterrupted":false,"coverageMap":{"C:\\Users\\harsh\\Downloads\\GitHub\\js_test\\stringUtils.js":{"path":"C:\\Users\\harsh\\Downloads\\GitHub\\js_test\\stringUtils.js","statementMap":{"0":{"start":{"line":8,"column":4},"end":{"line":10,"column":5}},"1":{"start":{"line":9,"column":8},"end":{"line":9,"column":54}},"2":{"start":{"line":11,"column":4},"end":{"line":11,"column":44}},"3":{"start":{"line":20,"column":4},"end":{"line":22,"column":5}},"4":{"start":{"line":21,"column":8},"end":{"line":21,"column":54}},"5":{"start":{"line":23,"column":4},"end":{"line":23,"column":29}},"6":{"start":{"line":26,"column":0},"end":{"line":26,"column":48}}},"fnMap":{"0":{"name":"reverseString","decl":{"start":{"line":7,"column":9},"end":{"line":7,"column":22}},"loc":{"start":{"line":7,"column":28},"end":{"line":12,"column":1}},"line":7},"1":{"name":"toUpperCase","decl":{"start":{"line":19,"column":9},"end":{"line":19,"column":20}},"loc":{"start":{"line":19,"column":26},"end":{"line":24,"column":1}},"line":19}},"branchMap":{"0":{"loc":{"start":{"line":8,"column":4},"end":{"line":10,"column":5}},"type":"if","locations":[{"start":{"line":8,"column":4},"end":{"line":10,"column":5}},{"start":{},"end":{}}],"line":8},"1":{"loc":{"start":{"line":20,"column":4},"end":{"line":22,"column":5}},"type":"if","locations":[{"start":{"line":20,"column":4},"end":{"line":22,"column":5}},{"start":{},"end":{}}],"line":20}},"s":{"0":7,"1":4,"2":3,"3":9,"4":4,"5":5,"6":1},"f":{"0":7,"1":9},"b":{"0":[4,3],"1":[4,5]},"_coverageSchema":"1a1c01bbd47fc00a2c39e90264f33305004495a9","hash":"9507879835eb4a47bc1c26e6049806f21ca8b855"}}}
